<?xml version="1.0" encoding="UTF-8"?>
<!-- Generated by org.testng.reporters.JUnitReportReporter -->
<testsuite skipped="0" hostname="DESKTOP-NNT0OEF" name="TestNGdemos.LinkedIn" tests="2" failures="0" timestamp="05 Feb 2018 17:40:01 GMT" time="0.107" errors="0">
  <testcase name="signCheckindisable" time="0.060" classname="TestNGdemos.LinkedIn"/>
  <testcase name="signCheckvisible" time="0.047" classname="TestNGdemos.LinkedIn"/>
</testsuite> <!-- TestNGdemos.LinkedIn -->
