<?xml version="1.0" encoding="UTF-8"?>
<!-- Generated by org.testng.reporters.JUnitReportReporter -->
<testsuite skipped="0" hostname="DESKTOP-NNT0OEF" name="TestNGdemos.VerifyTitle" tests="1" failures="0" timestamp="03 Feb 2018 21:26:26 GMT" time="0.022" errors="0">
  <testcase name="verifyTitle" time="0.022" classname="TestNGdemos.VerifyTitle"/>
</testsuite> <!-- TestNGdemos.VerifyTitle -->
