<?xml version="1.0" encoding="UTF-8"?>
<!-- Generated by org.testng.reporters.JUnitReportReporter -->
<testsuite skipped="1" hostname="DESKTOP-NNT0OEF" name="com.demoaut.newtours.Testscripts.ValidateUser" tests="1" failures="0" timestamp="22 Feb 2018 12:50:05 GMT" time="0.000" errors="0">
  <testcase name="userValidation" time="0.000" classname="com.demoaut.newtours.Testscripts.ValidateUser">
    <skipped/>
  </testcase> <!-- userValidation -->
</testsuite> <!-- com.demoaut.newtours.Testscripts.ValidateUser -->
